Flow report for alarm
Thu Apr 24 20:11:47 2025
Quartus Prime Version 18.1.0 Build 625 09/12/2018 SJ Lite Edition


---------------------
; Table of Contents ;
---------------------
  1. Legal Notice
  2. Flow Summary
  3. Flow Settings
  4. Flow Non-Default Global Settings
  5. Flow Elapsed Time
  6. Flow OS Summary
  7. Flow Log
  8. Flow Messages
  9. Flow Suppressed Messages



----------------
; Legal Notice ;
----------------
Copyright (C) 2018  Intel Corporation. All rights reserved.
Your use of Intel Corporation's design tools, logic functions 
and other software and tools, and its AMPP partner logic 
functions, and any output files from any of the foregoing 
(including device programming or simulation files), and any 
associated documentation or information are expressly subject 
to the terms and conditions of the Intel Program License 
Subscription Agreement, the Intel Quartus Prime License Agreement,
the Intel FPGA IP License Agreement, or other applicable license
agreement, including, without limitation, that your use is for
the sole purpose of programming logic devices manufactured by
Intel and sold by Intel or its authorized distributors.  Please
refer to the applicable agreement for further details.



+----------------------------------------------------------------------------------+
; Flow Summary                                                                     ;
+------------------------------------+---------------------------------------------+
; Flow Status                        ; Successful - Thu Apr 24 20:11:44 2025       ;
; Quartus Prime Version              ; 18.1.0 Build 625 09/12/2018 SJ Lite Edition ;
; Revision Name                      ; alarm                                       ;
; Top-level Entity Name              ; alarm                                       ;
; Family                             ; Cyclone IV E                                ;
; Device                             ; EP4CE115F29C7                               ;
; Timing Models                      ; Final                                       ;
; Total logic elements               ; 2,490 / 114,480 ( 2 % )                     ;
;     Total combinational functions  ; 2,316 / 114,480 ( 2 % )                     ;
;     Dedicated logic registers      ; 1,234 / 114,480 ( 1 % )                     ;
; Total registers                    ; 1234                                        ;
; Total pins                         ; 73 / 529 ( 14 % )                           ;
; Total virtual pins                 ; 0                                           ;
; Total memory bits                  ; 2,468,864 / 3,981,312 ( 62 % )              ;
; Embedded Multiplier 9-bit elements ; 0 / 532 ( 0 % )                             ;
; Total PLLs                         ; 1 / 4 ( 25 % )                              ;
+------------------------------------+---------------------------------------------+


+-----------------------------------------+
; Flow Settings                           ;
+-------------------+---------------------+
; Option            ; Setting             ;
+-------------------+---------------------+
; Start date & time ; 04/24/2025 20:10:56 ;
; Main task         ; Compilation         ;
; Revision Name     ; alarm               ;
+-------------------+---------------------+


+------------------------------------------------------------------------------------------------------------------------------------------+
; Flow Non-Default Global Settings                                                                                                         ;
+-------------------------------------+---------------------------------------------------------+---------------+-------------+------------+
; Assignment Name                     ; Value                                                   ; Default Value ; Entity Name ; Section Id ;
+-------------------------------------+---------------------------------------------------------+---------------+-------------+------------+
; COMPILER_SIGNATURE_ID               ; 118902009136785.174549665514752                         ; --            ; --          ; --         ;
; MAX_CORE_JUNCTION_TEMP              ; 85                                                      ; --            ; --          ; --         ;
; MIN_CORE_JUNCTION_TEMP              ; 0                                                       ; --            ; --          ; --         ;
; MISC_FILE                           ; ../qsys/hardware/pll_bb.v                               ; --            ; --          ; --         ;
; MISC_FILE                           ; ../qsys/hardware/pll.ppf                                ; --            ; --          ; --         ;
; MISC_FILE                           ; ../qsys/hardware/Alarm/synthesis/../Alarm.cmp           ; --            ; --          ; --         ;
; MISC_FILE                           ; ../qsys/hardware/Alarm/synthesis/../../Alarm.qsys       ; --            ; --          ; --         ;
; NOMINAL_CORE_SUPPLY_VOLTAGE         ; 1.2V                                                    ; --            ; --          ; --         ;
; OUTPUT_IO_TIMING_FAR_END_VMEAS      ; Half Signal Swing                                       ; --            ; --          ; --         ;
; OUTPUT_IO_TIMING_FAR_END_VMEAS      ; Half Signal Swing                                       ; --            ; --          ; --         ;
; OUTPUT_IO_TIMING_NEAR_END_VMEAS     ; Half Vccio                                              ; --            ; --          ; --         ;
; OUTPUT_IO_TIMING_NEAR_END_VMEAS     ; Half Vccio                                              ; --            ; --          ; --         ;
; PARTITION_COLOR                     ; -- (Not supported for targeted family)                  ; --            ; --          ; Top        ;
; PARTITION_FITTER_PRESERVATION_LEVEL ; -- (Not supported for targeted family)                  ; --            ; --          ; Top        ;
; PARTITION_NETLIST_TYPE              ; -- (Not supported for targeted family)                  ; --            ; --          ; Top        ;
; POWER_BOARD_THERMAL_MODEL           ; None (CONSERVATIVE)                                     ; --            ; --          ; --         ;
; POWER_PRESET_COOLING_SOLUTION       ; 23 MM HEAT SINK WITH 200 LFPM AIRFLOW                   ; --            ; --          ; --         ;
; PROJECT_OUTPUT_DIRECTORY            ; output_files                                            ; --            ; --          ; --         ;
; SLD_FILE                            ; ../qsys/hardware/Alarm/synthesis/Alarm.regmap           ; --            ; --          ; --         ;
; SLD_FILE                            ; ../qsys/hardware/Alarm/synthesis/Alarm.debuginfo        ; --            ; --          ; --         ;
; SLD_INFO                            ; QSYS_NAME Alarm HAS_SOPCINFO 1 GENERATION_ID 1745495106 ; --            ; --          ; --         ;
; SOPCINFO_FILE                       ; ../qsys/hardware/Alarm/synthesis/../../Alarm.sopcinfo   ; --            ; --          ; --         ;
; SYNTHESIS_ONLY_QIP                  ; On                                                      ; --            ; --          ; --         ;
+-------------------------------------+---------------------------------------------------------+---------------+-------------+------------+


+--------------------------------------------------------------------------------------------------------------------------+
; Flow Elapsed Time                                                                                                        ;
+----------------------+--------------+-------------------------+---------------------+------------------------------------+
; Module Name          ; Elapsed Time ; Average Processors Used ; Peak Virtual Memory ; Total CPU Time (on all processors) ;
+----------------------+--------------+-------------------------+---------------------+------------------------------------+
; Analysis & Synthesis ; 00:00:26     ; 1.0                     ; 4985 MB             ; 00:00:40                           ;
; Fitter               ; 00:00:13     ; 1.2                     ; 6393 MB             ; 00:00:29                           ;
; Assembler            ; 00:00:03     ; 1.0                     ; 4718 MB             ; 00:00:03                           ;
; Timing Analyzer      ; 00:00:02     ; 1.5                     ; 4993 MB             ; 00:00:02                           ;
; Total                ; 00:00:44     ; --                      ; --                  ; 00:01:14                           ;
+----------------------+--------------+-------------------------+---------------------+------------------------------------+


+------------------------------------------------------------------------------------+
; Flow OS Summary                                                                    ;
+----------------------+------------------+------------+------------+----------------+
; Module Name          ; Machine Hostname ; OS Name    ; OS Version ; Processor type ;
+----------------------+------------------+------------+------------+----------------+
; Analysis & Synthesis ; DESKTOP-C2A9563  ; Windows 10 ; 10.0       ; x86_64         ;
; Fitter               ; DESKTOP-C2A9563  ; Windows 10 ; 10.0       ; x86_64         ;
; Assembler            ; DESKTOP-C2A9563  ; Windows 10 ; 10.0       ; x86_64         ;
; Timing Analyzer      ; DESKTOP-C2A9563  ; Windows 10 ; 10.0       ; x86_64         ;
+----------------------+------------------+------------+------------+----------------+


------------
; Flow Log ;
------------
quartus_map --read_settings_files=on --write_settings_files=off alarm -c alarm
quartus_fit --read_settings_files=off --write_settings_files=off alarm -c alarm
quartus_asm --read_settings_files=off --write_settings_files=off alarm -c alarm
quartus_sta alarm -c alarm



